2024-07-09 05:03:07,116 INFO o.h.v.i.u.Version [background-preinit] HV000001: Hibernate Validator 8.0.1.Final
2024-07-09 05:03:07,144 INFO o.s.b.StartupInfoLogger [restartedMain] Starting ApiIudigitalApplication using Java 17.0.8 with PID 23400 (C:\Users\JULIO MARTINEZ\Desktop\Taller-caso-aplicativo\app\target\classes started by JULIO MARTINEZ in C:\Users\JULIO MARTINEZ\Desktop\Taller-caso-aplicativo\app)
2024-07-09 05:03:07,147 DEBUG o.s.b.StartupInfoLogger [restartedMain] Running with Spring Boot v3.2.5, Spring v6.1.6
2024-07-09 05:03:07,149 INFO o.s.b.SpringApplication [restartedMain] The following 1 profile is active: "local"
2024-07-09 05:03:07,210 INFO o.s.b.l.DeferredLog [restartedMain] Devtools property defaults active! Set 'spring.devtools.add-properties' to 'false' to disable
2024-07-09 05:03:07,211 INFO o.s.b.l.DeferredLog [restartedMain] For additional web related logging consider setting the 'logging.level.web' property to 'DEBUG'
2024-07-09 05:03:08,440 INFO o.s.d.r.c.RepositoryConfigurationDelegate [restartedMain] Bootstrapping Spring Data JPA repositories in DEFAULT mode.
2024-07-09 05:03:08,516 INFO o.s.d.r.c.RepositoryConfigurationDelegate [restartedMain] Finished Spring Data repository scanning in 67 ms. Found 3 JPA repository interfaces.
2024-07-09 05:03:09,323 INFO o.s.b.w.e.t.TomcatWebServer [restartedMain] Tomcat initialized with port 8084 (http)
2024-07-09 05:03:09,336 INFO o.a.j.l.DirectJDKLog [restartedMain] Initializing ProtocolHandler ["http-nio-8084"]
2024-07-09 05:03:09,338 INFO o.a.j.l.DirectJDKLog [restartedMain] Starting service [Tomcat]
2024-07-09 05:03:09,339 INFO o.a.j.l.DirectJDKLog [restartedMain] Starting Servlet engine: [Apache Tomcat/10.1.20]
2024-07-09 05:03:09,411 INFO o.a.j.l.DirectJDKLog [restartedMain] Initializing Spring embedded WebApplicationContext
2024-07-09 05:03:09,412 INFO o.s.b.w.s.c.ServletWebServerApplicationContext [restartedMain] Root WebApplicationContext: initialization completed in 2200 ms
2024-07-09 05:03:09,792 INFO o.h.j.i.u.LogHelper [restartedMain] HHH000204: Processing PersistenceUnitInfo [name: default]
2024-07-09 05:03:09,855 INFO o.h.Version [restartedMain] HHH000412: Hibernate ORM core version 6.4.4.Final
2024-07-09 05:03:09,888 INFO o.h.c.i.RegionFactoryInitiator [restartedMain] HHH000026: Second-level cache disabled
2024-07-09 05:03:10,143 INFO o.s.o.j.p.SpringPersistenceUnitInfo [restartedMain] No LoadTimeWeaver setup: ignoring JPA class transformer
2024-07-09 05:03:10,171 INFO c.z.h.HikariDataSource [restartedMain] HikariPool-1 - Starting...
2024-07-09 05:03:10,297 INFO c.z.h.p.HikariPool [restartedMain] HikariPool-1 - Added connection com.mysql.cj.jdbc.ConnectionImpl@216f91a8
2024-07-09 05:03:10,299 INFO c.z.h.HikariDataSource [restartedMain] HikariPool-1 - Start completed.
2024-07-09 05:03:10,339 WARN o.h.d.Dialect [restartedMain] HHH000511: The 5.5.0 version for [org.hibernate.dialect.MySQLDialect] is no longer supported, hence certain features may not work properly. The minimum supported version is 8.0.0. Check the community dialects project for available legacy versions.
2024-07-09 05:03:11,280 INFO o.h.e.t.j.p.i.JtaPlatformInitiator [restartedMain] HHH000489: No JTA platform available (set 'hibernate.transaction.jta.platform' to enable JTA platform integration)
2024-07-09 05:03:11,357 INFO o.s.o.j.AbstractEntityManagerFactoryBean [restartedMain] Initialized JPA EntityManagerFactory for persistence unit 'default'
2024-07-09 05:03:11,872 WARN o.s.b.a.o.j.JpaBaseConfiguration$JpaWebConfiguration [restartedMain] spring.jpa.open-in-view is enabled by default. Therefore, database queries may be performed during view rendering. Explicitly configure spring.jpa.open-in-view to disable this warning
2024-07-09 05:03:12,935 INFO o.s.b.d.a.OptionalLiveReloadServer [restartedMain] LiveReload server is running on port 35729
2024-07-09 05:03:12,944 INFO o.s.b.a.e.w.EndpointLinksResolver [restartedMain] Exposing 1 endpoint(s) beneath base path '/actuator'
2024-07-09 05:03:13,004 INFO o.a.j.l.DirectJDKLog [restartedMain] Starting ProtocolHandler ["http-nio-8084"]
2024-07-09 05:03:13,026 INFO o.s.b.w.e.t.TomcatWebServer [restartedMain] Tomcat started on port 8084 (http) with context path '/api/v1'
2024-07-09 05:03:13,040 INFO o.s.b.StartupInfoLogger [restartedMain] Started ApiIudigitalApplication in 6.47 seconds (process running for 7.215)
